binaryData\132_Configurable_configXmlFile.bin -> Configurable_configXmlFile.bin
binaryData\39_mx.graphics.shaderClasses.ColorBurnShader_ShaderClass_mx.graphics.shaderClasses.ColorBurnShader_ShaderClass.bin -> mx.graphics.shaderClasses.ColorBurnShader_ShaderClass_mx.graphics.shaderClasses.ColorBurnShader_ShaderClass.bin
binaryData\35_mx.graphics.shaderClasses.ColorDodgeShader_ShaderClass_mx.graphics.shaderClasses.ColorDodgeShader_ShaderClass.bin -> mx.graphics.shaderClasses.ColorDodgeShader_ShaderClass_mx.graphics.shaderClasses.ColorDodgeShader_ShaderClass.bin
binaryData\37_mx.graphics.shaderClasses.ColorShader_ShaderClass_mx.graphics.shaderClasses.ColorShader_ShaderClass.bin -> mx.graphics.shaderClasses.ColorShader_ShaderClass_mx.graphics.shaderClasses.ColorShader_ShaderClass.bin
binaryData\36_mx.graphics.shaderClasses.ExclusionShader_ShaderClass_mx.graphics.shaderClasses.ExclusionShader_ShaderClass.bin -> mx.graphics.shaderClasses.ExclusionShader_ShaderClass_mx.graphics.shaderClasses.ExclusionShader_ShaderClass.bin
binaryData\38_mx.graphics.shaderClasses.HueShader_ShaderClass_mx.graphics.shaderClasses.HueShader_ShaderClass.bin -> mx.graphics.shaderClasses.HueShader_ShaderClass_mx.graphics.shaderClasses.HueShader_ShaderClass.bin
binaryData\40_mx.graphics.shaderClasses.LuminosityMaskShader_ShaderClass_mx.graphics.shaderClasses.LuminosityMaskShader_ShaderClass.bin -> mx.graphics.shaderClasses.LuminosityMaskShader_ShaderClass_mx.graphics.shaderClasses.LuminosityMaskShader_ShaderClass.bin
binaryData\32_mx.graphics.shaderClasses.LuminosityShader_ShaderClass_mx.graphics.shaderClasses.LuminosityShader_ShaderClass.bin -> mx.graphics.shaderClasses.LuminosityShader_ShaderClass_mx.graphics.shaderClasses.LuminosityShader_ShaderClass.bin
binaryData\33_mx.graphics.shaderClasses.SaturationShader_ShaderClass_mx.graphics.shaderClasses.SaturationShader_ShaderClass.bin -> mx.graphics.shaderClasses.SaturationShader_ShaderClass_mx.graphics.shaderClasses.SaturationShader_ShaderClass.bin
binaryData\34_mx.graphics.shaderClasses.SoftLightShader_ShaderClass_mx.graphics.shaderClasses.SoftLightShader_ShaderClass.bin -> mx.graphics.shaderClasses.SoftLightShader_ShaderClass_mx.graphics.shaderClasses.SoftLightShader_ShaderClass.bin
binaryData\177_WorldMap_WorldMapBgTxt.bin -> WorldMap_WorldMapBgTxt.bin
binaryData\96_WorldMap_WorldMapFgTxt.bin -> WorldMap_WorldMapFgTxt.bin
binaryData\103_WorldMap_WorldMapSkyTxt.bin -> WorldMap_WorldMapSkyTxt.bin
binaryData\108_WorldMap_WorldMapSpTxt.bin -> WorldMap_WorldMapSpTxt.bin
fonts\135_Fonts_normalFont_Snailplanes.ttf -> Fonts_normalFont_Snailplanes.ttf
fonts\7_Verdana.ttf -> Verdana.ttf
fonts\9_Verdana.ttf -> 1_Verdana.ttf
fonts\2_Verdana_11pt_st.ttf -> Verdana_11pt_st.ttf
fonts\3_Verdana_11pt_st.ttf -> 1_Verdana_11pt_st.ttf
images\105.png -> 1.png
images\194.png -> 2.png
images\146_Art_Boss4.png -> Art_Boss4.png
images\148_Art_Boss3.png -> Art_Boss3.png
images\149_Art_Boss1.png -> Art_Boss1.png
images\245_Art_Boss4Bullet7.png -> Art_Boss4Bullet7.png
images\246_Art_Boss4Bullet6.png -> Art_Boss4Bullet6.png
images\247_Art_Boss4Bullet5.png -> Art_Boss4Bullet5.png
images\182_Art_Boss2Eye.png -> Art_Boss2Eye.png
images\131_Art_Boss2Eyelid.png -> Art_Boss2Eyelid.png
images\241_Art_Boss1Eyes.png -> Art_Boss1Eyes.png
images\197_Art_Boss2Foot.png -> Art_Boss2Foot.png
images\242_Art_Boss1Hand.png -> Art_Boss1Hand.png
images\137_Art_Boss2Pupil.png -> Art_Boss2Pupil.png
images\134_Art_Boss3Rush.png -> Art_Boss3Rush.png
images\199_Art_Boss1Rush.png -> Art_Boss1Rush.png
images\256_Art_Boss4Rush.png -> Art_Boss4Rush.png
images\253_Art_Boss2RushFoot.png -> Art_Boss2RushFoot.png
images\191_Art_Boss1RushHand.png -> Art_Boss1RushHand.png
images\158_Art_Boss4RushSecondForm.png -> Art_Boss4RushSecondForm.png
images\140_Art_Boss3RushSpawn.png -> Art_Boss3RushSpawn.png
images\121_Art_Boss4SecondForm.png -> Art_Boss4SecondForm.png
images\240_Art_Boss4ShadowBall.png -> Art_Boss4ShadowBall.png
images\237_Art_Boss1Shield.png -> Art_Boss1Shield.png
images\202_Art_Boss3Spawn.png -> Art_Boss3Spawn.png
images\244_Art_BossZzz.png -> Art_BossZzz.png
images\259_Art_Bubble.png -> Art_Bubble.png
images\216_Art_ControlHelpBg.png -> Art_ControlHelpBg.png
images\139_Art_ControlHelpLetters.png -> Art_ControlHelpLetters.png
images\180_Art_Dialogue.png -> Art_Dialogue.png
images\98_Art_DoorHoriz.png -> Art_DoorHoriz.png
images\138_Art_DoorVert.png -> Art_DoorVert.png
images\200_Art_Dust.png -> Art_Dust.png
images\230_Art_EndingBg.png -> Art_EndingBg.png
images\113_Art_EndingPicture2.png -> Art_EndingPicture2.png
images\114_Art_EndingPicture1.png -> Art_EndingPicture1.png
images\119_Art_EndingPicture5.png -> Art_EndingPicture5.png
images\120_Art_EndingPicture4.png -> Art_EndingPicture4.png
images\122_Art_EndingPicture3.png -> Art_EndingPicture3.png
images\185_Art_EnemyBabyfish.png -> Art_EnemyBabyfish.png
images\159_Art_EnemyBalloon.png -> Art_EnemyBalloon.png
images\236_Art_EnemyBat.png -> Art_EnemyBat.png
images\205_Art_EnemyBird.png -> Art_EnemyBird.png
images\255_Art_EnemyBird2.png -> Art_EnemyBird2.png
images\117_Art_EnemyBlob.png -> Art_EnemyBlob.png
images\189_Art_EnemyBulletDonut.png -> Art_EnemyBulletDonut.png
images\213_Art_EnemyBulletFire.png -> Art_EnemyBulletFire.png
images\147_Art_EnemyBulletLaser.png -> Art_EnemyBulletLaser.png
images\231_Art_EnemyBulletSpikeBall.png -> Art_EnemyBulletSpikeBall.png
images\181_Art_EnemyCannon.png -> Art_EnemyCannon.png
images\201_Art_EnemyCannon2.png -> Art_EnemyCannon2.png
images\203_Art_EnemyCannonBottom.png -> Art_EnemyCannonBottom.png
images\133_Art_EnemyCannonBottom2.png -> Art_EnemyCannonBottom2.png
images\219_Art_EnemyCannonLeft.png -> Art_EnemyCannonLeft.png
images\157_Art_EnemyCannonLeft2.png -> Art_EnemyCannonLeft2.png
images\156_Art_EnemyCannonTop.png -> Art_EnemyCannonTop.png
images\91_Art_EnemyCannonTop2.png -> Art_EnemyCannonTop2.png
images\155_Art_EnemyDandelion.png -> Art_EnemyDandelion.png
images\141_Art_EnemyDrone.png -> Art_EnemyDrone.png
images\204_Art_EnemyFireball.png -> Art_EnemyFireball.png
images\208_Art_EnemyFireball2.png -> Art_EnemyFireball2.png
images\110_Art_EnemyFloatSpike.png -> Art_EnemyFloatSpike.png
images\144_Art_EnemyFloatSpike2.png -> Art_EnemyFloatSpike2.png
images\99_Art_EnemyGear.png -> Art_EnemyGear.png
images\195_Art_EnemyGravTurtle.png -> Art_EnemyGravTurtle.png
images\221_Art_EnemyGravTurtle2.png -> Art_EnemyGravTurtle2.png
images\111_Art_EnemyKitty.png -> Art_EnemyKitty.png
images\172_Art_EnemyKitty2.png -> Art_EnemyKitty2.png
images\183_Art_EnemyKurage.png -> Art_EnemyKurage.png
images\118_Art_EnemyMoth.png -> Art_EnemyMoth.png
images\100_Art_EnemyPincer.png -> Art_EnemyPincer.png
images\92_Art_EnemyPincer2.png -> Art_EnemyPincer2.png
images\249_Art_EnemySeahorse.png -> Art_EnemySeahorse.png
images\207_Art_EnemySnake.png -> Art_EnemySnake.png
images\257_Art_EnemySnake3.png -> Art_EnemySnake3.png
images\258_Art_EnemySnake2.png -> Art_EnemySnake2.png
images\97_Art_EnemySnelk.png -> Art_EnemySnelk.png
images\243_Art_EnemySpider.png -> Art_EnemySpider.png
images\152_Art_EnemySpider2.png -> Art_EnemySpider2.png
images\227_Art_EnemySpike.png -> Art_EnemySpike.png
images\186_Art_EnemySpikey.png -> Art_EnemySpikey.png
images\106_Art_EnemySpikey2.png -> Art_EnemySpikey2.png
images\169_Art_EnemyTallfish.png -> Art_EnemyTallfish.png
images\116_Art_EnemyTallfish2.png -> Art_EnemyTallfish2.png
images\209_Art_EnemyWalleye.png -> Art_EnemyWalleye.png
images\193_Art_ExplosionBig.png -> Art_ExplosionBig.png
images\94_Art_ExplosionHuge.png -> Art_ExplosionHuge.png
images\206_Art_ExplosionSmall.png -> Art_ExplosionSmall.png
images\168_Art_ExplosionTiny.png -> Art_ExplosionTiny.png
images\171_Art_Fire.png -> Art_Fire.png
images\130_Art_GiantBlock1.png -> Art_GiantBlock1.png
images\154_Art_Grass.png -> Art_Grass.png
images\212_Art_HeartHudSingle.png -> Art_HeartHudSingle.png
images\190_Art_IceSpike.png -> Art_IceSpike.png
images\109_Art_IceSpikeLeft.png -> Art_IceSpikeLeft.png
images\150_Art_IceSpikeTop.png -> Art_IceSpikeTop.png
images\161_Art_IntroPicture1.png -> Art_IntroPicture1.png
images\163_Art_IntroPicture3.png -> Art_IntroPicture3.png
images\164_Art_IntroPicture2.png -> Art_IntroPicture2.png
images\165_Art_IntroPicture5.png -> Art_IntroPicture5.png
images\166_Art_IntroPicture4.png -> Art_IntroPicture4.png
images\196_Art_IntroPicture5Slug.png -> Art_IntroPicture5Slug.png
images\235_Art_IntroSpiral.png -> Art_IntroSpiral.png
images\233_Art_ItemArmor.png -> Art_ItemArmor.png
images\226_Art_ItemDevastator.png -> Art_ItemDevastator.png
images\220_Art_ItemGravityShock.png -> Art_ItemGravityShock.png
images\187_Art_ItemGravJump.png -> Art_ItemGravJump.png
images\248_Art_ItemGun3.png -> Art_ItemGun3.png
images\250_Art_ItemGun2.png -> Art_ItemGun2.png
images\252_Art_ItemGun1.png -> Art_ItemGun1.png
images\239_Art_ItemHeartContainer.png -> Art_ItemHeartContainer.png
images\145_Art_ItemHelixFragment.png -> Art_ItemHelixFragment.png
images\167_Art_ItemHiJump.png -> Art_ItemHiJump.png
images\228_Art_ItemIceSnail.png -> Art_ItemIceSnail.png
images\217_Art_ItemRapidFire.png -> Art_ItemRapidFire.png
images\176_Art_ItemShellShield.png -> Art_ItemShellShield.png
images\198_Art_JayIsGames.png -> Art_JayIsGames.png
images\192_Art_MiniMapCenter.png -> Art_MiniMapCenter.png
images\254_Art_MiniMapSheet.png -> Art_MiniMapSheet.png
images\229_Art_MiniMapSpecialSheet.png -> Art_MiniMapSpecialSheet.png
images\153_Art_Muck.png -> Art_Muck.png
images\115_Art_PixelPeople.png -> Art_PixelPeople.png
images\224_Art_Platform4.png -> Art_Platform4.png
images\225_Art_Platform5.png -> Art_Platform5.png
images\107_Art_Platform4b.png -> Art_Platform4b.png
images\234_Art_Platform5b.png -> Art_Platform5b.png
images\124_Art_PlayerBullet5.png -> Art_PlayerBullet5.png
images\125_Art_PlayerBullet6.png -> Art_PlayerBullet6.png
images\126_Art_PlayerBullet3.png -> Art_PlayerBullet3.png
images\127_Art_PlayerBullet4.png -> Art_PlayerBullet4.png
images\128_Art_PlayerBullet1.png -> Art_PlayerBullet1.png
images\129_Art_PlayerBullet2.png -> Art_PlayerBullet2.png
images\214_Art_PowerGrass.png -> Art_PowerGrass.png
images\112_Art_SavePoint.png -> Art_SavePoint.png
images\102_Art_SleepyMoonSnail.png -> Art_SleepyMoonSnail.png
images\142_Art_Smoke.png -> Art_Smoke.png
images\160_Art_SnailNpc.png -> Art_SnailNpc.png
images\188_Art_SnailySnail.png -> Art_SnailySnail.png
images\104_Art_Snow.png -> Art_Snow.png
images\162_Art_SponsorMoreGames.png -> Art_SponsorMoreGames.png
images\151_Art_SponsorSplash.png -> Art_SponsorSplash.png
images\173_Art_Star.png -> Art_Star.png
images\179_Art_Subscreen.png -> Art_Subscreen.png
images\136_Art_SubscreenSlug.png -> Art_SubscreenSlug.png
images\218_Art_TheEnd.png -> Art_TheEnd.png
images\211_Art_TileSheet.png -> Art_TileSheet.png
images\232_Art_TitleLetter.png -> Art_TitleLetter.png
images\170_Art_TurtleNpc.png -> Art_TurtleNpc.png
images\143_Art_Zzz.png -> Art_Zzz.png
images\19_FlxLoaderBar.png -> FlxLoaderBar.png
images\18_FlxLoaderFrame.png -> FlxLoaderFrame.png
images\16_FlxLoaderPlay.png -> FlxLoaderPlay.png
images\223_org.flixel.data.FlxMouse_ImgDefaultCursor.png -> org.flixel.data.FlxMouse_ImgDefaultCursor.png
images\93_org.flixel.data.FlxPanel_ImgClose.png -> org.flixel.data.FlxPanel_ImgClose.png
images\251_org.flixel.data.FlxPanel_ImgDelicious.png -> org.flixel.data.FlxPanel_ImgDelicious.png
images\175_org.flixel.data.FlxPanel_ImgDigg.png -> org.flixel.data.FlxPanel_ImgDigg.png
images\238_org.flixel.data.FlxPanel_ImgDonate.png -> org.flixel.data.FlxPanel_ImgDonate.png
images\174_org.flixel.data.FlxPanel_ImgReddit.png -> org.flixel.data.FlxPanel_ImgReddit.png
images\210_org.flixel.data.FlxPanel_ImgStumble.png -> org.flixel.data.FlxPanel_ImgStumble.png
images\215_org.flixel.data.FlxPanel_ImgTwitter.png -> org.flixel.data.FlxPanel_ImgTwitter.png
images\178_org.flixel.data.FlxPause_ImgKey0.png -> org.flixel.data.FlxPause_ImgKey0.png
images\95_org.flixel.data.FlxPause_ImgKeyMinus.png -> org.flixel.data.FlxPause_ImgKeyMinus.png
images\101_org.flixel.data.FlxPause_ImgKeyP.png -> org.flixel.data.FlxPause_ImgKeyP.png
images\184_org.flixel.data.FlxPause_ImgKeyPlus.png -> org.flixel.data.FlxPause_ImgKeyPlus.png
images\123_org.flixel.FlxTilemap_ImgAuto.png -> org.flixel.FlxTilemap_ImgAuto.png
images\222_org.flixel.FlxTilemap_ImgAutoAlt.png -> org.flixel.FlxTilemap_ImgAutoAlt.png
images\17_Preloader_LoadBg.png -> Preloader_LoadBg.png
scripts\_main_Styles__embed_css_Assets_swf_mx_skins_cursor_BusyCursor_1565917771.as -> _main_Styles__embed_css_Assets_swf_mx_skins_cursor_BusyCursor.as
scripts\_main_Styles__embed_css_Assets_swf_mx_skins_cursor_BusyCursor_1565917771.pcode -> _main_Styles__embed_css_Assets_swf_mx_skins_cursor_BusyCursor.pcode
shapes\5.svg -> 2.svg
shapes\12.svg -> 3.svg
shapes\20.svg -> 4.svg
sounds\31_amastrida1loop_Music_Area3Song.mp3 -> amastrida1loop_Music_Area3Song.mp3
sounds\47_bigboom1_Sfx_EnemyKilled.mp3 -> bigboom1_Sfx_EnemyKilled.mp3
sounds\54_bigboom2_Sfx_EnemyKilled2.mp3 -> bigboom2_Sfx_EnemyKilled2.mp3
sounds\59_bigboom3_Sfx_EnemyKilled3.mp3 -> bigboom3_Sfx_EnemyKilled3.mp3
sounds\64_bosshpbleep_Sfx_BossHpBleep.mp3 -> bosshpbleep_Sfx_BossHpBleep.mp3
sounds\28_boss1loop_Music_Boss1Song.mp3 -> boss1loop_Music_Boss1Song.mp3
sounds\73_cannon1_Sfx_Cannon1.mp3 -> cannon1_Sfx_Cannon1.mp3
sounds\78_cannon2_Sfx_Cannon2.mp3 -> cannon2_Sfx_Cannon2.mp3
sounds\27_carelia1loop2_Music_Area1Song.mp3 -> carelia1loop2_Music_Area1Song.mp3
sounds\48_chirp1_Sfx_Chirp1.mp3 -> chirp1_Sfx_Chirp1.mp3
sounds\60_closedoor_Sfx_CloseDoor.mp3 -> closedoor_Sfx_CloseDoor.mp3
sounds\57_death_Sfx_Death.mp3 -> death_Sfx_Death.mp3
sounds\74_dialogueletter1_Sfx_DialogueLetter1.mp3 -> dialogueletter1_Sfx_DialogueLetter1.mp3
sounds\77_dialogueletter0_Sfx_DialogueLetter0.mp3 -> dialogueletter0_Sfx_DialogueLetter0.mp3
sounds\79_dialogueletter3_Sfx_DialogueLetter3.mp3 -> dialogueletter3_Sfx_DialogueLetter3.mp3
sounds\81_dialogueletter2_Sfx_DialogueLetter2.mp3 -> dialogueletter2_Sfx_DialogueLetter2.mp3
sounds\23_endingpart2loop_Music_Ending2Song.mp3 -> endingpart2loop_Music_Ending2Song.mp3
sounds\67_explode2_Sfx_Explode2.mp3 -> explode2_Sfx_Explode2.mp3
sounds\68_explode1_Sfx_Explode1.mp3 -> explode1_Sfx_Explode1.mp3
sounds\70_explode4_Sfx_Explode4.mp3 -> explode4_Sfx_Explode4.mp3
sounds\71_explode3_Sfx_Explode3.mp3 -> explode3_Sfx_Explode3.mp3
sounds\45_grow_Sfx_Grow.mp3 -> grow_Sfx_Grow.mp3
sounds\65_health1_Sfx_Health.mp3 -> health1_Sfx_Health.mp3
sounds\46_hurt2_Sfx_Hurt.mp3 -> hurt2_Sfx_Hurt.mp3
sounds\24_introloop_Music_TitleSong.mp3 -> introloop_Music_TitleSong.mp3
sounds\25_isisloop_Music_IsisSong.mp3 -> isisloop_Music_IsisSong.mp3
sounds\62_jingle3_Sfx_Jingle3.mp3 -> jingle3_Sfx_Jingle3.mp3
sounds\88_jump1_Sfx_Jump1.mp3 -> jump1_Sfx_Jump1.mp3
sounds\76_laser_Sfx_Laser1.mp3 -> laser_Sfx_Laser1.mp3
sounds\29_lirata2loop_Music_Area4Song.mp3 -> lirata2loop_Music_Area4Song.mp3
sounds\52_menubeep2_Sfx_MenuBeep2.mp3 -> menubeep2_Sfx_MenuBeep2.mp3
sounds\53_menubeep1_Sfx_MenuBeep1.mp3 -> menubeep1_Sfx_MenuBeep1.mp3
sounds\30_moonsnail1loop_Music_Boss2Song.mp3 -> moonsnail1loop_Music_Boss2Song.mp3
sounds\49_opendoor_Sfx_OpenDoor.mp3 -> opendoor_Sfx_OpenDoor.mp3
sounds\84_pickup3_Sfx_Pickup3.mp3 -> pickup3_Sfx_Pickup3.mp3
sounds\86_pickup2_Sfx_Pickup2.mp3 -> pickup2_Sfx_Pickup2.mp3
sounds\87_pickup4_Sfx_Pickup4.mp3 -> pickup4_Sfx_Pickup4.mp3
sounds\50_ping_Sfx_EnemyPingOffArmor.mp3 -> ping_Sfx_EnemyPingOffArmor.mp3
sounds\90_save1_Sfx_Save1.mp3 -> save1_Sfx_Save1.mp3
sounds\42_Sfx_Ending1Song_Sfx_Ending1Song.mp3 -> Sfx_Ending1Song_Sfx_Ending1Song.mp3
sounds\51_Sfx_GigaWave_Sfx_GigaWave.mp3 -> Sfx_GigaWave_Sfx_GigaWave.mp3
sounds\61_Sfx_Jingle4_Sfx_Jingle4.mp3 -> Sfx_Jingle4_Sfx_Jingle4.mp3
sounds\85_Sfx_PongBounce_Sfx_PongBounce.mp3 -> Sfx_PongBounce_Sfx_PongBounce.mp3
sounds\56_Sfx_PongHit_Sfx_PongHit.mp3 -> Sfx_PongHit_Sfx_PongHit.mp3
sounds\44_Sfx_PongMiss_Sfx_PongMiss.mp3 -> Sfx_PongMiss_Sfx_PongMiss.mp3
sounds\43_Sfx_SlugMode_Sfx_SlugMode.mp3 -> Sfx_SlugMode_Sfx_SlugMode.mp3
sounds\82_Sfx_Snelk_Sfx_Snelk.mp3 -> Sfx_Snelk_Sfx_Snelk.mp3
sounds\58_shell1_Sfx_Shell1.mp3 -> shell1_Sfx_Shell1.mp3
sounds\63_shot7_Sfx_Shot7.mp3 -> shot7_Sfx_Shot7.mp3
sounds\72_shot2_Sfx_Shot2.mp3 -> shot2_Sfx_Shot2.mp3
sounds\75_shot3_Sfx_Shot3.mp3 -> shot3_Sfx_Shot3.mp3
sounds\80_shot1_Sfx_Shot1.mp3 -> shot1_Sfx_Shot1.mp3
sounds\41_shot2b_Sfx_Shot2b.mp3 -> shot2b_Sfx_Shot2b.mp3
sounds\55_shot1b_Sfx_Shot1b.mp3 -> shot1b_Sfx_Shot1b.mp3
sounds\83_shot3b_Sfx_Shot3b.mp3 -> shot3b_Sfx_Shot3b.mp3
sounds\69_shothit_Sfx_ShotHit.mp3 -> shothit_Sfx_ShotHit.mp3
sounds\26_snailtownloop2_Music_TownSong.mp3 -> snailtownloop2_Music_TownSong.mp3
sounds\22_spiralis1loop_Music_Area2Song.mp3 -> spiralis1loop_Music_Area2Song.mp3
sounds\66_splash1_Sfx_Splash1.mp3 -> splash1_Sfx_Splash1.mp3
sounds\89_stomp1_Sfx_Stomp1.mp3 -> stomp1_Sfx_Stomp1.mp3
sprites\DefineSprite_6 -> DefineSprite
sprites\DefineSprite_13 -> 1_DefineSprite
sprites\DefineSprite_21_mx.skins.cursor.BusyCursor__main_Styles__embed_css_Assets_swf_mx_skins_cursor_BusyCursor_1565917771 -> DefineSprite_mx.skins.cursor.BusyCursor__main_Styles__embed_css_Assets_swf_mx_skins_cursor_BusyCursor
sprites\DefineSprite_15_symbol15_com.newgrounds.components.MedalPopup -> DefineSprite_symbol15_com.newgrounds.components.MedalPopup
texts\4.svg -> 1.svg
texts\8.svg -> 2.svg
texts\10.svg -> 3.svg
texts\11.svg -> 4.svg
texts\14.svg -> 5.svg

