Class IDs:
0: FlxNGPreloader -
1: Preloader -
2: FlxLoaderPlay -
3: API -
4: APIEvent -
5: FlxLoaderFrame -
6: FlashAd -
7: MedalPopup -
8: FlxLoaderBar -
9: IFlexAsset -
10: IFlexDisplayObject -
11: FlexBitmap -
12: ILayoutDirectionElement -
13: BitmapAsset -
14: Preloader_LoadBg -
15: SaveGroupQuery -
16: SmartURLLoader -
17: File 
18: SaveFile -
19: RC4 0
20: PNGEncoder 0
21: APIError -
22: ScoreBoard -
23: BaseN -
24: SaveRating 0
25: SaveGroup -
26: JSON -
27: MD5 -
28: Bridge -
29: Medal -
30: NameUtil -
31: IAssetLayoutFeatures -
32: SaveKey -
33: Score -
34: ScoreBoardPeriod -
35: JSONDecoder -
36: JSONEncoder -
37: IntUtil -
38: IRepeaterClient -
39: JSONTokenType -
40: JSONTokenizer -
41: JSONToken -
42: JSONParseError -

PrivateNamespace IDs:
0: FlxNGPreloader
1: Preloader
2: APIEvent
3: FlashAd
4: MedalPopup
5: BitmapAsset
6: SaveGroupQuery
7: SmartURLLoader
8: File
9: SaveFile
10: ScoreBoard
11: BaseN
12: SaveRating
13: SaveGroup
14: Bridge
15: Medal
16: SaveKey
17: Score
18: JSONDecoder
19: JSONEncoder
20: JSONTokenizer
21: JSONToken
22: JSONParseError
23: API
24: RC4
25: PNGEncoder
26: APIError
27: MD5
28: NameUtil
29: IntUtil
30: API/1
31: FlashAd/1
32: MedalPopup/1
33: BitmapAsset/1
34: SaveGroupQuery/1
35: SaveFile/1
36: RC4/1
37: PNGEncoder/1
38: APIError/1
39: ScoreBoard/1
40: BaseN/1
41: SaveGroup/1
42: MD5/1
43: Bridge/1
44: Medal/1
45: NameUtil/1
46: JSONDecoder/1
47: JSONEncoder/1
