Class IDs:
0: FlxGame -
1: main 0
2: _main_Styles 0
3: _CompiledResourceBundleInfo 0
4: FlxSave -
5: FlxPoint -
6: FlxRect -
7: FlxObject -
8: FlxGroup -
9: FlxPause -
10: FontAsset -
11: FlxGame_junk 0
12: SoundAsset -
13: FlxGame_SndFlixel 0
14: FlxConsole -
15: FlxState -
16: FlxGame_SndBeep 0
17: FlxG -
18: PauseLayer -
19: PlayState -
20: ObjectUtil -
21: IStateClient -
22: IChildList -
23: IUIComponent -
24: IUID -
25: IPropertyChangeNotifier -
26: ILayoutManagerClient -
27: IFlexModule -
28: IAutomationObject -
29: IDeferredInstantiationUIComponent -
30: IInvalidating -
31: IValidatorListener -
32: ILayoutElement -
33: IVisualElement -
34: IToolTipManagerClient -
35: FlexSprite -
36: ISimpleStyleClient -
37: IStyleClient -
38: IAdvancedStyleClient -
39: IConstraintClient -
40: MethodQueueElement 
41: UIComponent -
42: HighlightBitmapCaptureSkin -
43: ErrorSkin -
44: BusyCursor -
45: FocusSkin -
46: IIMESupport -
47: IUITextField -
48: FlexTextField -
49: UITextField -
50: IFlexModuleFactory -
51: IBorder -
52: IRectangularBorder -
53: IVisualElementContainer -
54: IViewport -
55: GroupBase -
56: ISharedDisplayObject -
57: Group -
58: Skin -
59: SparkSkin -
60: SparkSkinForHalo -
61: BorderSkin 0
62: FlexShape -
63: IProgrammaticSkin -
64: ProgrammaticSkin -
65: HaloFocusRect -
66: CSSCondition -
67: IStyleManager -
68: IStyleManager2 -
69: SpriteAsset -
70: _main_Styles__embed_css_Assets_swf_mx_skins_cursor_BusyCursor_337556046 0
71: CSSStyleDeclaration -
72: CSSSelector -
73: Border -
74: RectangularBorder -
75: ToolTipBorder -
76: FlxU -
77: FlxPause_ImgKeyPlus -
78: FlxPause_ImgKeyMinus -
79: FlxPause_ImgKey0 -
80: FlxPause_ImgKeyP -
81: FlxSprite -
82: FlxText -
83: FlxMonitor -
84: FlxInput -
85: FlxKeyboard 0
86: FlxPanel -
87: FlxGamepad -
88: FlxSound -
89: FlxMouse -
90: FlxFade -
91: FlxFlash -
92: FlxQuake -
93: FlxKong 0
94: Fonts -
95: Npc -
96: GameTimeDisplay -
97: WorldMap -
98: NgMedal -
99: Configurable -
100: ExplosionPool -
101: Boss4SecondFormBulletGroups -
102: MainMenu -
103: Boss4BulletGroups -
104: UniqueBlocks -
105: MiniMap -
106: Item -
107: Dialogue -
108: Enemy -
109: Boss -
110: EnemyBulletPool -
111: BossRushTimer -
112: Hud -
113: AiTrigger -
114: FixBlocks -
115: SavingText -
116: PlayerBulletGroups -
117: Zzz -
118: SnowLayer -
119: Player -
120: EnemyBullet -
121: StarLayer -
122: PlayerBullet -
123: SaveData -
124: DamageNumberPool -
125: ItemRateHud -
126: SplashLayer -
127: Intro -
128: Music -
129: ControlHelp -
130: Ending -
131: AiTriggerPool -
132: IList -
133: DescribeTypeCache -
134: ObjectProxy -
135: ISystemManager -
136: ComponentDescriptor -
137: UIComponentDescriptor -
138: ValidationResultEvent -
139: IMXMLObject -
140: DesignLayer -
141: TransformOffsets -
142: UIComponentCachePolicy -
143: LuminosityShader -
144: StyleManager -
145: Transition -
146: CursorManager -
147: EventPriority -
148: LayoutDirection -
149: DynamicEvent -
150: SaturationShader -
151: MatrixUtil -
152: ResizeEvent -
153: SoftLightShader -
154: DragEvent -
155: RoundedRectangle -
156: ICursorManager -
157: EffectEvent -
158: AdvancedLayoutFeatures -
159: ColorDodgeShader -
160: IRawChildrenContainer -
161: ChildExistenceChangedEvent -
162: ColorUtil -
163: IFocusManagerContainer -
164: IStateClient2 -
165: IResourceBundle -
166: ResourceBundle -
167: en_US$core_properties 0
168: ExclusionShader -
169: MoveEvent -
170: IEffectInstance -
171: StringUtil -
172: State -
173: FlexGlobals -
174: en_US$skins_properties 0
175: UITextFormat -
176: ColorShader -
177: Transform -
178: IResourceManager -
179: IRepeater -
180: StyleProtoChain -
181: Singleton -
182: SystemManagerGlobals -
183: ValidationResult -
184: ContainerGlobals -
185: HueShader -
186: ColorBurnShader -
187: LayoutElementUIComponentUtils -
188: IAbstractEffect -
189: IEffect -
190: IContainer -
191: ResourceManager -
192: ToolTipEvent -
193: GraphicsUtil -
194: IFocusManager -
195: ToolTipManager -
196: FlexMouseEvent -
197: IFocusManagerComponent -
198: EffectManager -
199: EffectNode 
200: IBitmapFilter -
201: StateChangeEvent -
202: IFlexContextMenu -
203: BaseFilter -
204: UIComponentGlobals -
205: FlexEvent -
206: IEmbeddedFontRegistry -
207: SystemManager -
208: BindingManager -
209: FlexVersion -
210: PropertyChangeEvent -
211: IFontContextComponent -
212: SkinnableComponent -
213: EdgeMetrics -
214: FTETextUtil -
215: MaskType -
216: OverlayDepth -
217: DisplayLayer -
218: LuminosityMaskShader -
219: DisplayLayerObjectExistenceEvent -
220: MaskUtil -
221: OnDemandEventDispatcher -
222: LayoutBase -
223: BasicLayout -
224: ResizeMode -
225: IGraphicElement -
226: DisplayObjectSharingMode -
227: en_US$components_properties 0
228: ElementExistenceEvent -
229: GraphicElement -
230: RectangularDropShadow -
231: IStroke -
232: SolidColorStroke -
233: IFill -
234: SolidColor 0
235: StrokedElement -
236: FilledElement -
237: Rect -
238: CSSConditionKind -
239: FlexLoader -
240: FlxQuadTree -
241: FlxAnim -
242: FlxPanel_ImgClose -
243: FlxButton -
244: FlxPanel_ImgDonate -
245: FlxPanel_ImgReddit -
246: FlxPanel_ImgTwitter -
247: FlxPanel_ImgDigg -
248: FlxPanel_ImgDelicious -
249: FlxPanel_ImgStumble -
250: FlxMouse_ImgDefaultCursor -
251: Fonts_normalFont -
252: SuperUniqueItem -
253: IceSnail -
254: EnemyWalleye -
255: IceSpike -
256: EnemyTallfish -
257: UniqueItem -
258: TurboFire -
259: ByteArrayAsset -
260: WorldMap_WorldMapFgTxt 0
261: EnemySpider2 -
262: EnemyDandelionGenerator -
263: EnemyGravTurtle2 -
264: TurtleNpc -
265: EnemyCannonBottom -
266: WorldMap_WorldMapSkyTxt 0
267: Muck -
268: Devastator -
269: PowerGrass -
270: GiantBlock1 -
271: EnemyCannonLeft2 -
272: WorldMap_WorldMapSpTxt 0
273: HiJump -
274: EnemySpike -
275: Gun2 -
276: Gun3 -
277: ShellShield -
278: Gun1 -
279: FlxTilemap -
280: EnemyPincer -
281: Art -
282: EnemyBirdGenerator 0
283: Boss4Rush -
284: EnemyFloatSpike2 -
285: SnailNpc -
286: Platform4b -
287: EnemySpikey -
288: EnemyGravTurtle -
289: Platform4 -
290: IceSpikeTop -
291: EnemyPincer2 -
292: EnemyCannonLeft -
293: Platform5 -
294: Boss2Rush -
295: SavePoint -
296: EnemyBabyfish -
297: EnemyBird2Generator -
298: GravityShock -
299: EnemyDandelion -
300: Platform5b -
301: EnemyCannonBottom2 -
302: Fire -
303: EnemyFireball -
304: IceSpikeLeft -
305: EnemyTallfish2 -
306: Grass -
307: Smoke -
308: EnemyKitty -
309: EnemySpider -
310: HeartContainer -
311: EnemyBird -
312: Boss3 -
313: Boss4 -
314: Boss1 -
315: Boss2 -
316: BubbleGenerator 0
317: EnemyBabyfish2 -
318: EnemyBalloonGenerator 0
319: EnemySnelk -
320: EnemySpikey2 -
321: EnemySnake2 -
322: EnemyKurage -
323: EnemySnake3 -
324: EnemyBat -
325: EnemySeahorse -
326: EnemyGear -
327: EnemyMoth -
328: Step 0
329: EnemyBlob2 -
330: EnemyBlob3 -
331: EnemyBlob4 -
332: EnemyFireball2 -
333: HelixFragment -
334: Armor -
335: Boss3Rush -
336: EnemyKitty2 -
337: EnemySnake -
338: GravJump -
339: WorldMap_WorldMapBgTxt 0
340: Door -
341: Breakable 0
342: EnemyDrone -
343: EnemyCannonTop2 -
344: EnemyBlob -
345: Boss1Rush -
346: EnemyFloatSpike -
347: EnemyCannonTop -
348: Configurable_configXmlFile -
349: Explosion -
350: ExplosionTiny -
351: ExplosionSmall -
352: ExplosionBig -
353: ExplosionHuge -
354: Boss4Bullet -
355: Boss4Bullet7 -
356: Boss4Bullet4 -
357: JayIsGames -
358: MainMenuCursor -
359: MenuBall -
360: SponsorMoreGames -
361: Utility -
362: EnterKeyLayer -
363: EndingGroup -
364: TitleText -
365: Sfx -
366: Boss4Bullet6 -
367: Boss4Bullet5 -
368: MapRate 0
369: Subscreen -
370: SkillText 0
371: EnemyBulletDonut -
372: EnemyBulletPea -
373: EnemyBulletSpikeBall2 -
374: EnemyBulletLaser -
375: EnemyBulletSpikeBall -
376: EnemyBulletRotaryPea -
377: EnemyBulletDonut2 -
378: Boss1Boomerang -
379: EnemyBulletFire -
380: ShadowNumber 0
381: AreaName -
382: Radar -
383: ItemName -
384: ItemRate -
385: BossBarHud -
386: HeartHud -
387: BrokenBlock -
388: PlayerBullet1 -
389: PlayerBullet2 -
390: PlayerBullet5 -
391: PlayerBullet6 -
392: PlayerBullet3 -
393: PlayerBullet4 -
394: Snow -
395: CheckBool 0
396: CipherInt 0
397: Star -
398: Cipher -
399: DamageNumber -
400: SponsorSplash -
401: IntroBg -
402: IntroDialogue -
403: IntroPicture -
404: Music_Area2Song -
405: Music_Ending2Song -
406: Music_TitleSong -
407: Music_IsisSong -
408: Music_TownSong -
409: Music_Area1Song -
410: Music_Boss1Song -
411: Music_Area4Song -
412: Music_Area3Song -
413: Music_Boss2Song -
414: EndingStarBg -
415: EndingMoonSnail -
416: EndingSunSnail -
417: EndingCredits -
418: EndingDialogue -
419: EndingZzz -
420: CollectionEvent -
421: DescribeTypeCacheRecord -
422: BindabilityInfo -
423: UIDUtil -
424: PropertyChangeEventKind -
425: LuminosityShader_ShaderClass -
426: StyleEventDispatcher 
427: StyleModuleInfo 
428: StyleManagerImpl -
429: CursorQueueItem 
430: CursorManagerImpl -
431: SaturationShader_ShaderClass -
432: SoftLightShader_ShaderClass -
433: DragSource -
434: CompoundTransform -
435: ColorDodgeShader_ShaderClass -
436: ExclusionShader_ShaderClass -
437: IEffectTargetHost -
438: PropertyChanges -
439: IOverride -
440: ITextFieldFactory -
441: ColorShader_ShaderClass -
442: IModuleInfo -
443: ModuleManager -
444: ModuleManagerImpl 
445: ModuleInfo 
446: FactoryInfo 
447: ModuleInfoProxy 
448: OrderedObject -
449: StyleProxy -
450: IModule -
451: IButton -
452: HueShader_ShaderClass -
453: ColorBurnShader_ShaderClass -
454: EffectTargetFilter -
455: ResourceModuleInfo 
456: ResourceEventDispatcher 
457: ResourceManagerImpl -
458: IToolTip -
459: IToolTipManager2 -
460: ToolTipManagerImpl -
461: en_US$effects_properties 0
462: Effect -
463: EffectInstance -
464: TweenEffect -
465: Zoom -
466: ILayoutManager -
467: EmbeddedFont -
468: Request -
469: LoaderUtil -
470: Preloader -
471: RSLItem -
472: SystemRawChildrenList -
473: SystemChildrenList -
474: ISystemManagerChildManager -
475: SandboxMouseEvent -
476: RSLEvent -
477: Binding -
478: IBindingClient -
479: IFactory -
480: SkinPartEvent -
481: ISWFContext -
482: LuminosityMaskShader_ShaderClass -
483: NavigationUnit -
484: DropLocation -
485: LayoutElementHelper -
486: en_US$layout_properties 0
487: InvalidatingSprite -
488: FlxList -
489: DustRing -
490: EnemyCannon -
491: PowerNom -
492: EnemyCannon2 -
493: FlxTilemap_ImgAuto -
494: FlxTilemap_ImgAutoAlt -
495: Art_EnemyCannonTop2 -
496: Art_EnemyCannon -
497: Art_EnemyPincer2 -
498: Art_Boss2Eye -
499: Art_ExplosionHuge -
500: Art_EnemyKurage -
501: Art_EnemySnelk -
502: Art_DoorHoriz -
503: Art_EnemyGear -
504: Art_EnemyPincer -
505: Art_SleepyMoonSnail -
506: Art_EnemyBabyfish -
507: Art_Snow -
508: Art_EnemySpikey -
509: Art_ItemGravJump -
510: Art_Boss3RushShield -
511: Art_SnailySnail -
512: Art_EnemySpikey2 -
513: Art_Platform4b -
514: Art_IceSpikeLeft -
515: Art_EnemyBulletDonut -
516: Art_EnemyFloatSpike -
517: Art_IceSpike -
518: Art_EnemyKitty -
519: Art_Boss1RushHand -
520: Art_MiniMapCenter -
521: Art_SavePoint -
522: Art_EndingPicture2 -
523: Art_EndingPicture1 -
524: Art_PixelPeople -
525: Art_EnemyTallfish2 -
526: Art_ExplosionBig -
527: Art_EnemyBlob -
528: Art_EnemyMoth -
529: Art_Nom -
530: Art_EndingPicture5 -
531: Art_EndingPicture4 -
532: Art_Boss4SecondForm -
533: Art_EndingPicture3 -
534: Art_EnemyGravTurtle -
535: Art_IntroPicture5Slug -
536: Art_Boss2Foot -
537: Art_JayIsGames -
538: Art_PlayerBullet5 -
539: Art_PlayerBullet6 -
540: Art_PlayerBullet3 -
541: Art_PlayerBullet4 -
542: Art_PlayerBullet1 -
543: Art_Boss1Rush -
544: Art_PlayerBullet2 -
545: Art_Dust -
546: Art_EnemyCannon2 -
547: Art_Boss3Spawn -
548: Art_GiantBlock1 -
549: Art_EnemyCannonBottom -
550: Art_EnemyFireball -
551: Art_EnemyBird -
552: Art_ExplosionSmall -
553: Art_Boss2Eyelid -
554: Art_EnemySnake -
555: Art_EnemyCannonBottom2 -
556: Art_EnemyFireball2 -
557: Art_Boss3Rush -
558: Art_EnemyWalleye -
559: Art_TileSheet -
560: Art_SubscreenSlug -
561: Art_HeartHudSingle -
562: Art_Boss2Pupil -
563: Art_DoorVert -
564: Art_EnemyBulletFire -
565: Art_PowerGrass -
566: Art_ControlHelpLetters -
567: Art_Boss3RushSpawn -
568: Art_PowerNom -
569: Art_EnemyDrone -
570: Art_Smoke -
571: Art_ControlHelpBg -
572: Art_ItemRapidFire -
573: Art_TheEnd -
574: Art_Zzz -
575: Art_EnemyCannonLeft -
576: Art_ItemGravityShock -
577: Art_EnemyFloatSpike2 -
578: Art_EnemyGravTurtle2 -
579: Art_ItemHelixFragment -
580: Art_Boss4 -
581: Art_EnemyBulletLaser -
582: Art_Boss3 -
583: Art_Platform4 -
584: Art_Platform5 -
585: Art_Boss1 -
586: Art_IceSpikeTop -
587: Art_SponsorSplash -
588: Art_EnemySpider2 -
589: Art_Muck -
590: Art_Grass -
591: Art_EnemyDandelion -
592: Art_ItemDevastator -
593: Art_EnemySpike -
594: Art_ItemIceSnail -
595: Art_EnemyCannonTop -
596: Art_MiniMapSpecialSheet -
597: Art_Boss3Shield -
598: Art_EnemyCannonLeft2 -
599: Art_Boss4RushSecondForm -
600: Art_EndingBg -
601: Art_EnemyBalloon -
602: Art_EnemyBulletSpikeBall -
603: Art_TitleLetter -
604: Art_SnailNpc -
605: Art_IntroPicture1 -
606: Art_SponsorMoreGames -
607: Art_IntroPicture3 -
608: Art_IntroPicture2 -
609: Art_ItemArmor -
610: Art_IntroPicture5 -
611: Art_IntroPicture4 -
612: Art_ItemHiJump -
613: Art_Platform5b -
614: Art_IntroSpiral -
615: Art_EnemyBat -
616: Art_Boss1Shield -
617: Art_ExplosionTiny -
618: Art_ItemHeartContainer -
619: Art_EnemyTallfish -
620: Art_Boss4ShadowBall -
621: Art_Boss1Eyes -
622: Art_TurtleNpc -
623: Art_Boss1Hand -
624: Art_Fire -
625: Art_EnemySpider -
626: Art_BossZzz -
627: Art_Boss4Bullet7 -
628: Art_Boss4Bullet6 -
629: Art_Boss4Bullet5 -
630: Art_EnemyKitty2 -
631: Art_ItemGun3 -
632: Art_ItemGun2 -
633: Art_EnemySeahorse -
634: Art_ItemGun1 -
635: Art_MiniMapSheet -
636: Art_Boss2RushFoot -
637: Art_EnemyBird2 -
638: Art_Star -
639: Art_ItemShellShield -
640: Art_Subscreen -
641: Art_Boss4Rush -
642: Art_EnemySnake3 -
643: Art_EnemySnake2 -
644: Art_Dialogue -
645: Art_Bubble -
646: Boss4RingCenter -
647: Boss4ShadowBall -
648: QueuedExplosion 0
649: Boss4RushSecondForm -
650: Boss2RushEye -
651: EnemyCannonTopBossRush -
652: Boss2RushFoot -
653: EnemyBird2 -
654: Nom -
655: Boss3Spawn -
656: Boss3Shield -
657: Boss4SecondForm -
658: Boss1Eyes -
659: Boss1Hand -
660: Boss2Foot -
661: Boss2Eye -
662: Bubble -
663: EnemyBalloon -
664: Boss3RushSpawn -
665: Boss3RushShield -
666: Boss1RushHand -
667: EndingBg -
668: EndingPicture -
669: TitleLetter -
670: Sfx_Shot2b -
671: Sfx_Ending1Song -
672: Sfx_SlugMode -
673: Sfx_PongMiss -
674: Sfx_Grow -
675: Sfx_Hurt -
676: Sfx_EnemyKilled -
677: Sfx_Chirp1 -
678: Sfx_OpenDoor -
679: Sfx_EnemyPingOffArmor -
680: Sfx_GigaWave -
681: Sfx_MenuBeep2 -
682: Sfx_MenuBeep1 -
683: Sfx_EnemyKilled2 -
684: Sfx_Shot1b -
685: Sfx_PongHit -
686: Sfx_Death -
687: Sfx_Shell1 -
688: Sfx_EnemyKilled3 -
689: Sfx_CloseDoor -
690: Sfx_Jingle4 -
691: Sfx_Jingle3 -
692: Sfx_Shot7 -
693: Sfx_BossHpBleep -
694: Sfx_Health -
695: Sfx_Explode2 -
696: Sfx_Splash1 -
697: Sfx_Explode1 -
698: Sfx_ShotHit -
699: Sfx_Explode4 -
700: Sfx_Explode3 -
701: Sfx_Shot2 -
702: Sfx_DialogueLetter1 -
703: Sfx_Cannon1 -
704: Sfx_Shot3 -
705: Sfx_Laser1 -
706: Sfx_Cannon2 -
707: Sfx_DialogueLetter0 -
708: Sfx_DialogueLetter3 -
709: Sfx_Shot1 -
710: Sfx_DialogueLetter2 -
711: Sfx_Snelk -
712: Sfx_Shot3b -
713: Sfx_PongBounce -
714: Sfx_Pickup3 -
715: Sfx_Pickup2 -
716: Sfx_Pickup4 -
717: Sfx_Jump1 -
718: Sfx_Stomp1 -
719: Sfx_Save1 -
720: HelixHud -
721: HeartHudSingle -
722: Base64Decoder -
723: Base64Encoder -
724: IntroSpiral -
725: StarOutwardLayer -
726: EndingEnemy -
727: XMLNotifier -
728: XMLNotifierSingleton 
729: IStyleModule -
730: StyleEvent -
731: FlexChangeEvent -
732: ModuleEvent -
733: en_US$styles_properties 0
734: CSSMergedStyleDeclaration -
735: CursorManagerPriority -
736: ISystemCursorClient -
737: ModuleManagerGlobals -
738: LocaleSorter -
739: LocaleID 
740: LocaleRegistry 
741: IResourceModule -
742: ResourceEvent -
743: ToolTip -
744: AddRemoveEffectTargetFilter -
745: LayoutManager -
746: HideShowEffectTargetFilter -
747: TweenEffectInstance -
748: TweenEvent -
749: ZoomInstance -
750: EmbeddedFontRegistry -
751: IPreloaderDisplay -
752: ResourceModuleRSLItem -
753: RSLListLoader -
754: ItemPendingError -
755: IResponder -
756: EvalBindingResponder -
757: Dust -
758: BossZzz -
759: Boss4SecondFormBg -
760: Boss2RushEyelid -
761: Boss2RushPupil -
762: EnemyCannonBossRush -
763: Boss2Pupil -
764: Boss2Eyelid -
765: en_US$utils_properties 0
766: StarOutward -
767: IXMLNotifiable -
768: PriorityQueue -
769: Tween -
770: StarInwardLayer -
771: StarInward -

PrivateNamespace IDs:
0: CursorManagerImpl/1
1: ModuleManager/1
2: XMLNotifier/1
3: LocaleSorter/1
4: FlxPause
5: UIComponent/1
6: UIComponent
7: HighlightBitmapCaptureSkin
8: BusyCursor
9: FocusSkin
10: UITextField
11: GroupBase
12: Group
13: SparkSkin
14: BorderSkin
15: ProgrammaticSkin
16: HaloFocusRect
17: CSSCondition
18: SpriteAsset
19: CSSStyleDeclaration
20: CSSSelector
21: RectangularBorder
22: ToolTipBorder
23: FlxInput
24: FlxPanel
25: WorldMap
26: Configurable
27: ExplosionPool
28: Boss4SecondFormBulletGroups
29: MainMenu
30: Boss4BulletGroups
31: MiniMap
32: Item
33: Dialogue
34: Enemy
35: EnemyBulletPool
36: AiTrigger
37: PlayerBulletGroups
38: SnowLayer
39: Player
40: EnemyBullet
41: StarLayer
42: PlayerBullet
43: DamageNumberPool
44: SplashLayer
45: Intro
46: ControlHelp
47: Ending
48: AiTriggerPool
49: ObjectProxy
50: ComponentDescriptor
51: DesignLayer
52: TransformOffsets
53: AdvancedLayoutFeatures
54: ResourceBundle
55: State
56: UITextFormat
57: Transform
58: EffectManager/1
59: SystemManager
60: SkinnableComponent
61: DisplayLayer
62: OnDemandEventDispatcher
63: LayoutBase
64: BasicLayout
65: GraphicElement
66: RectangularDropShadow
67: SolidColorStroke
68: SolidColor
69: FilledElement
70: Rect
71: SuperUniqueItem
72: EnemyWalleye
73: IceSpike
74: EnemyTallfish
75: UniqueItem
76: EnemySpider2
77: EnemyDandelionGenerator
78: EnemyGravTurtle2
79: TurtleNpc
80: EnemyCannonBottom
81: Muck
82: PowerGrass
83: GiantBlock1
84: EnemyCannonLeft2
85: EnemyPincer
86: EnemyBirdGenerator
87: Boss4Rush
88: EnemyFloatSpike2
89: SnailNpc
90: Platform4b
91: EnemySpikey
92: EnemyGravTurtle
93: Platform4
94: IceSpikeTop
95: EnemyPincer2
96: EnemyCannonLeft
97: Platform5
98: Boss2Rush
99: SavePoint
100: EnemyBabyfish
101: EnemyBird2Generator
102: EnemyDandelion
103: Platform5b
104: EnemyCannonBottom2
105: Fire
106: EnemyFireball
107: IceSpikeLeft
108: EnemyTallfish2
109: Grass
110: EnemyKitty
111: EnemySpider
112: EnemyBird
113: Boss3
114: Boss4
115: Boss1
116: Boss2
117: BubbleGenerator
118: EnemyBabyfish2
119: EnemyBalloonGenerator
120: EnemySnelk
121: EnemySpikey2
122: EnemySnake2
123: EnemyKurage
124: EnemySnake3
125: EnemyBat
126: EnemySeahorse
127: EnemyGear
128: Step
129: EnemyBlob2
130: EnemyBlob3
131: EnemyBlob4
132: EnemyFireball2
133: Boss3Rush
134: EnemyKitty2
135: EnemySnake
136: GravJump
137: Door
138: Breakable
139: EnemyDrone
140: EnemyCannonTop2
141: EnemyBlob
142: Boss1Rush
143: EnemyFloatSpike
144: EnemyCannonTop
145: Boss4Bullet4
146: JayIsGames
147: MainMenuCursor
148: SponsorMoreGames
149: TitleText
150: Subscreen
151: EnemyBulletRotaryPea
152: ShadowNumber
153: BossBarHud
154: HeartHud
155: PlayerBullet4
156: Snow
157: CheckBool
158: CipherInt
159: DamageNumber
160: IntroBg
161: IntroDialogue
162: IntroPicture
163: EndingStarBg
164: EndingMoonSnail
165: EndingSunSnail
166: EndingCredits
167: EndingDialogue
168: EndingZzz
169: DescribeTypeCacheRecord
170: BindabilityInfo
171: StyleManagerImpl/1
172: StyleEventDispatcher
173: StyleManagerImpl
174: CursorManagerImpl
175: DragSource
176: CompoundTransform
177: ModuleManagerImpl
178: ModuleInfo
179: ModuleInfoProxy
180: OrderedObject
181: StyleProxy
182: ResourceManagerImpl/1
183: ResourceEventDispatcher
184: ResourceManagerImpl
185: ToolTipManagerImpl
186: Effect
187: EffectInstance
188: EmbeddedFont
189: Preloader
190: RSLItem
191: SystemRawChildrenList
192: SystemChildrenList
193: Binding
194: InvalidatingSprite
195: DustRing
196: EnemyCannon
197: PowerNom
198: EnemyCannon2
199: Boss4RingCenter
200: QueuedExplosion
201: Boss4RushSecondForm
202: Boss2RushEye
203: EnemyCannonTopBossRush
204: Boss2RushFoot
205: EnemyBird2
206: Nom
207: Boss3Spawn
208: Boss4SecondForm
209: Boss2Foot
210: Boss2Eye
211: Bubble
212: EnemyBalloon
213: Boss3RushSpawn
214: TitleLetter
215: Base64Decoder
216: Base64Encoder
217: StarOutwardLayer
218: EndingEnemy
219: ModuleEvent
220: CSSMergedStyleDeclaration
221: LocaleID
222: ToolTip
223: LayoutManager
224: TweenEffectInstance
225: ZoomInstance
226: EmbeddedFontRegistry
227: ResourceModuleRSLItem
228: RSLListLoader
229: ItemPendingError
230: EvalBindingResponder
231: BossZzz
232: Boss4SecondFormBg
233: EnemyCannonBossRush
234: PriorityQueue
235: Tween
236: StarInwardLayer
237: main
238: _main_Styles
239: ObjectUtil
240: ErrorSkin
241: Skin
242: Boss
243: SavingText
244: Zzz
245: Music
246: DescribeTypeCache
247: LuminosityShader
248: StyleManager
249: CursorManager
250: SaturationShader
251: MatrixUtil
252: SoftLightShader
253: ColorDodgeShader
254: ExclusionShader
255: StringUtil
256: ColorShader
257: StyleProtoChain
258: Singleton
259: HueShader
260: ColorBurnShader
261: LayoutElementUIComponentUtils
262: ResourceManager
263: ToolTipManager
264: EffectManager
265: UIComponentGlobals
266: BindingManager
267: FlexVersion
268: FTETextUtil
269: LuminosityMaskShader
270: MaskUtil
271: IceSnail
272: TurboFire
273: Devastator
274: HiJump
275: EnemySpike
276: Gun2
277: Gun3
278: ShellShield
279: Gun1
280: GravityShock
281: Smoke
282: HeartContainer
283: EnemyMoth
284: HelixFragment
285: Armor
286: ExplosionTiny
287: ExplosionSmall
288: ExplosionBig
289: ExplosionHuge
290: Boss4Bullet
291: Boss4Bullet7
292: MenuBall
293: Boss4Bullet6
294: Boss4Bullet5
295: EnemyBulletDonut
296: EnemyBulletPea
297: EnemyBulletSpikeBall2
298: EnemyBulletLaser
299: EnemyBulletSpikeBall
300: EnemyBulletDonut2
301: Boss1Boomerang
302: EnemyBulletFire
303: AreaName
304: Radar
305: ItemName
306: ItemRate
307: PlayerBullet1
308: PlayerBullet2
309: PlayerBullet5
310: PlayerBullet6
311: PlayerBullet3
312: Star
313: Cipher
314: SponsorSplash
315: UIDUtil
316: ModuleManager
317: Zoom
318: LoaderUtil
319: LayoutElementHelper
320: Boss4ShadowBall
321: Boss3Shield
322: Boss1Eyes
323: Boss1Hand
324: Boss3RushShield
325: Boss1RushHand
326: EndingBg
327: EndingPicture
328: HelixHud
329: HeartHudSingle
330: IntroSpiral
331: XMLNotifier
332: LocaleSorter
333: LocaleRegistry
334: Dust
335: Boss2RushEyelid
336: Boss2RushPupil
337: Boss2Pupil
338: Boss2Eyelid
339: StarOutward
340: StarInward
341: FlxGame/1
342: FlxGame/2
343: 
344: FlxSave/1
345: FlxSave/2
346: FlxGroup/1
347: FlxGroup/2
348: FlxConsole/1
349: FlxConsole/2
350: FlxG/1
351: FlxG/2
352: PlayState/1
353: PlayState/2
354: ObjectUtil/1
355: UITextField/1
356: GroupBase/1
357: Group/1
358: Skin/1
359: SparkSkin/1
360: SparkSkinForHalo/1
361: SparkSkinForHalo/2
362: ProgrammaticSkin/1
363: HaloFocusRect/1
364: CSSCondition/1
365: SpriteAsset/1
366: CSSStyleDeclaration/1
367: RectangularBorder/1
368: FlxU/1
369: FlxU/2
370: FlxSprite/1
371: FlxSprite/2
372: FlxMonitor/1
373: FlxMonitor/2
374: FlxInput/1
375: FlxGamepad/1
376: FlxGamepad/2
377: FlxKong/1
378: FlxKong/2
379: GameTimeDisplay/1
380: GameTimeDisplay/2
381: WorldMap/1
382: ExplosionPool/1
383: Boss4SecondFormBulletGroups/1
384: MainMenu/1
385: Boss4BulletGroups/1
386: UniqueBlocks/1
387: UniqueBlocks/2
388: MiniMap/1
389: EnemyBulletPool/1
390: FixBlocks/1
391: FixBlocks/2
392: PlayerBulletGroups/1
393: SnowLayer/1
394: Player/1
395: StarLayer/1
396: SaveData/1
397: SaveData/2
398: ItemRateHud/1
399: ItemRateHud/2
400: ControlHelp/1
401: Ending/1
402: AiTriggerPool/1
403: DescribeTypeCache/1
404: ObjectProxy/1
405: ComponentDescriptor/1
406: ValidationResultEvent/1
407: ValidationResultEvent/2
408: DesignLayer/1
409: StyleManager/1
410: DynamicEvent/1
411: DynamicEvent/2
412: MatrixUtil/1
413: AdvancedLayoutFeatures/1
414: ResourceBundle/1
415: StringUtil/1
416: State/1
417: UITextFormat/1
418: Transform/1
419: StyleProtoChain/1
420: Singleton/1
421: SystemManager/1
422: BindingManager/1
423: FlexVersion/1
424: SkinnableComponent/1
425: DisplayLayer/1
426: LuminosityMaskShader/1
427: MaskUtil/1
428: LayoutBase/1
429: GraphicElement/1
430: FlxQuadTree/1
431: FlxQuadTree/2
432: SuperUniqueItem/1
433: UniqueItem/1
434: EnemySpider2/1
435: EnemyDandelionGenerator/1
436: EnemyGravTurtle2/1
437: FlxTilemap/1
438: FlxTilemap/2
439: EnemyPincer/1
440: EnemyBirdGenerator/1
441: Boss4Rush/1
442: SnailNpc/1
443: EnemyGravTurtle/1
444: EnemyPincer2/1
445: Boss2Rush/1
446: EnemyBird2Generator/1
447: EnemyKitty/1
448: EnemySpider/1
449: Boss3/1
450: Boss4/1
451: Boss1/1
452: Boss2/1
453: BubbleGenerator/1
454: EnemyBalloonGenerator/1
455: EnemySnelk/1
456: EnemySnake3/1
457: EnemyBlob2/1
458: EnemyBlob3/1
459: EnemyBlob4/1
460: Boss3Rush/1
461: EnemyKitty2/1
462: Door/1
463: Breakable/1
464: EnemyBlob/1
465: Boss1Rush/1
466: TitleText/1
467: Boss4Bullet6/1
468: MapRate/1
469: MapRate/2
470: Subscreen/1
471: SkillText/1
472: SkillText/2
473: EnemyBulletFire/1
474: ShadowNumber/1
475: ItemName/1
476: ItemRate/1
477: HeartHud/1
478: BrokenBlock/1
479: BrokenBlock/2
480: PlayerBullet6/1
481: PlayerBullet3/1
482: CheckBool/1
483: CipherInt/1
484: Cipher/1
485: IntroBg/1
486: DescribeTypeCacheRecord/1
487: BindabilityInfo/1
488: UIDUtil/1
489: DragSource/1
490: CompoundTransform/1
491: OrderedObject/1
492: EffectTargetFilter/1
493: EffectTargetFilter/2
494: ToolTipManagerImpl/1
495: Effect/1
496: EffectInstance/1
497: LoaderUtil/1
498: Preloader/1
499: RSLItem/1
500: SystemChildrenList/1
501: SandboxMouseEvent/1
502: SandboxMouseEvent/2
503: Binding/1
504: LayoutElementHelper/1
505: DustRing/1
506: EnemyCannon/1
507: EnemyCannon2/1
508: Boss4RingCenter/1
509: Boss4RushSecondForm/1
510: Boss4SecondForm/1
511: Base64Decoder/1
512: Base64Encoder/1
513: StarOutwardLayer/1
514: CSSMergedStyleDeclaration/1
515: AddRemoveEffectTargetFilter/1
516: AddRemoveEffectTargetFilter/2
517: LayoutManager/1
518: HideShowEffectTargetFilter/1
519: HideShowEffectTargetFilter/2
520: ZoomInstance/1
521: EmbeddedFontRegistry/1
522: ResourceModuleRSLItem/1
523: RSLListLoader/1
524: Boss4SecondFormBg/1
525: EnemyCannonBossRush/1
526: PriorityQueue/1
527: Tween/1
528: StarInwardLayer/1
